<?xml version="1.0" encoding="UTF-8"?>
<testsuite xmlns:xsi="http://www.w3.org/2001/XMLSchema-instance" xsi:noNamespaceSchemaLocation="https://maven.apache.org/surefire/maven-surefire-plugin/xsd/surefire-test-report-3.0.xsd" version="3.0" name="User with the wrong credentials should not be able" time="184.408" tests="22" errors="0" skipped="0" failures="0">
  <properties>
    <property name="sun.desktop" value="windows"/>
    <property name="awt.toolkit" value="sun.awt.windows.WToolkit"/>
    <property name="file.encoding.pkg" value="sun.io"/>
    <property name="java.specification.version" value="1.8"/>
    <property name="sun.cpu.isalist" value="amd64"/>
    <property name="sun.jnu.encoding" value="Cp1251"/>
    <property name="java.class.path" value="C:\Users\USER\WORKSPACE\drmteamdev-Project\target\test-classes;C:\Users\USER\WORKSPACE\drmteamdev-Project\target\classes;C:\Users\USER\.m2\repository\org\seleniumhq\selenium\selenium-java\4.8.1\selenium-java-4.8.1.jar;C:\Users\USER\.m2\repository\org\seleniumhq\selenium\selenium-api\4.8.1\selenium-api-4.8.1.jar;C:\Users\USER\.m2\repository\org\seleniumhq\selenium\selenium-chrome-driver\4.8.1\selenium-chrome-driver-4.8.1.jar;C:\Users\USER\.m2\repository\com\google\auto\service\auto-service-annotations\1.0.1\auto-service-annotations-1.0.1.jar;C:\Users\USER\.m2\repository\com\google\auto\service\auto-service\1.0.1\auto-service-1.0.1.jar;C:\Users\USER\.m2\repository\com\google\auto\auto-common\1.2\auto-common-1.2.jar;C:\Users\USER\.m2\repository\com\google\guava\guava\31.1-jre\guava-31.1-jre.jar;C:\Users\USER\.m2\repository\com\google\guava\failureaccess\1.0.1\failureaccess-1.0.1.jar;C:\Users\USER\.m2\repository\com\google\guava\listenablefuture\9999.0-empty-to-avoid-conflict-with-guava\listenablefuture-9999.0-empty-to-avoid-conflict-with-guava.jar;C:\Users\USER\.m2\repository\com\google\code\findbugs\jsr305\3.0.2\jsr305-3.0.2.jar;C:\Users\USER\.m2\repository\org\checkerframework\checker-qual\3.12.0\checker-qual-3.12.0.jar;C:\Users\USER\.m2\repository\com\google\errorprone\error_prone_annotations\2.11.0\error_prone_annotations-2.11.0.jar;C:\Users\USER\.m2\repository\com\google\j2objc\j2objc-annotations\1.3\j2objc-annotations-1.3.jar;C:\Users\USER\.m2\repository\org\seleniumhq\selenium\selenium-chromium-driver\4.8.1\selenium-chromium-driver-4.8.1.jar;C:\Users\USER\.m2\repository\org\seleniumhq\selenium\selenium-json\4.8.1\selenium-json-4.8.1.jar;C:\Users\USER\.m2\repository\org\seleniumhq\selenium\selenium-devtools-v108\4.8.1\selenium-devtools-v108-4.8.1.jar;C:\Users\USER\.m2\repository\org\seleniumhq\selenium\selenium-devtools-v109\4.8.1\selenium-devtools-v109-4.8.1.jar;C:\Users\USER\.m2\repository\org\seleniumhq\selenium\selenium-devtools-v110\4.8.1\selenium-devtools-v110-4.8.1.jar;C:\Users\USER\.m2\repository\org\seleniumhq\selenium\selenium-devtools-v85\4.8.1\selenium-devtools-v85-4.8.1.jar;C:\Users\USER\.m2\repository\org\seleniumhq\selenium\selenium-edge-driver\4.8.1\selenium-edge-driver-4.8.1.jar;C:\Users\USER\.m2\repository\org\seleniumhq\selenium\selenium-firefox-driver\4.8.1\selenium-firefox-driver-4.8.1.jar;C:\Users\USER\.m2\repository\org\seleniumhq\selenium\selenium-http\4.8.1\selenium-http-4.8.1.jar;C:\Users\USER\.m2\repository\dev\failsafe\failsafe\3.3.0\failsafe-3.3.0.jar;C:\Users\USER\.m2\repository\org\seleniumhq\selenium\selenium-ie-driver\4.8.1\selenium-ie-driver-4.8.1.jar;C:\Users\USER\.m2\repository\org\seleniumhq\selenium\selenium-remote-driver\4.8.1\selenium-remote-driver-4.8.1.jar;C:\Users\USER\.m2\repository\com\beust\jcommander\1.82\jcommander-1.82.jar;C:\Users\USER\.m2\repository\io\netty\netty-buffer\4.1.87.Final\netty-buffer-4.1.87.Final.jar;C:\Users\USER\.m2\repository\io\netty\netty-codec-http\4.1.87.Final\netty-codec-http-4.1.87.Final.jar;C:\Users\USER\.m2\repository\io\netty\netty-codec\4.1.87.Final\netty-codec-4.1.87.Final.jar;C:\Users\USER\.m2\repository\io\netty\netty-handler\4.1.87.Final\netty-handler-4.1.87.Final.jar;C:\Users\USER\.m2\repository\io\netty\netty-common\4.1.87.Final\netty-common-4.1.87.Final.jar;C:\Users\USER\.m2\repository\io\netty\netty-transport-classes-epoll\4.1.87.Final\netty-transport-classes-epoll-4.1.87.Final.jar;C:\Users\USER\.m2\repository\io\netty\netty-transport-classes-kqueue\4.1.87.Final\netty-transport-classes-kqueue-4.1.87.Final.jar;C:\Users\USER\.m2\repository\io\netty\netty-transport-native-epoll\4.1.87.Final\netty-transport-native-epoll-4.1.87.Final.jar;C:\Users\USER\.m2\repository\io\netty\netty-transport-native-kqueue\4.1.87.Final\netty-transport-native-kqueue-4.1.87.Final.jar;C:\Users\USER\.m2\repository\io\netty\netty-transport-native-unix-common\4.1.87.Final\netty-transport-native-unix-common-4.1.87.Final.jar;C:\Users\USER\.m2\repository\io\netty\netty-transport\4.1.87.Final\netty-transport-4.1.87.Final.jar;C:\Users\USER\.m2\repository\io\netty\netty-resolver\4.1.87.Final\netty-resolver-4.1.87.Final.jar;C:\Users\USER\.m2\repository\io\opentelemetry\opentelemetry-api\1.22.0\opentelemetry-api-1.22.0.jar;C:\Users\USER\.m2\repository\io\opentelemetry\opentelemetry-context\1.22.0\opentelemetry-context-1.22.0.jar;C:\Users\USER\.m2\repository\io\opentelemetry\opentelemetry-exporter-logging\1.22.0\opentelemetry-exporter-logging-1.22.0.jar;C:\Users\USER\.m2\repository\io\opentelemetry\opentelemetry-sdk-metrics\1.22.0\opentelemetry-sdk-metrics-1.22.0.jar;C:\Users\USER\.m2\repository\io\opentelemetry\opentelemetry-sdk-logs\1.22.0-alpha\opentelemetry-sdk-logs-1.22.0-alpha.jar;C:\Users\USER\.m2\repository\io\opentelemetry\opentelemetry-api-logs\1.22.0-alpha\opentelemetry-api-logs-1.22.0-alpha.jar;C:\Users\USER\.m2\repository\io\opentelemetry\opentelemetry-sdk-common\1.22.0\opentelemetry-sdk-common-1.22.0.jar;C:\Users\USER\.m2\repository\io\opentelemetry\opentelemetry-sdk-extension-autoconfigure-spi\1.22.0\opentelemetry-sdk-extension-autoconfigure-spi-1.22.0.jar;C:\Users\USER\.m2\repository\io\opentelemetry\opentelemetry-sdk-extension-autoconfigure\1.22.0-alpha\opentelemetry-sdk-extension-autoconfigure-1.22.0-alpha.jar;C:\Users\USER\.m2\repository\io\opentelemetry\opentelemetry-sdk-trace\1.22.0\opentelemetry-sdk-trace-1.22.0.jar;C:\Users\USER\.m2\repository\io\opentelemetry\opentelemetry-sdk\1.22.0\opentelemetry-sdk-1.22.0.jar;C:\Users\USER\.m2\repository\io\opentelemetry\opentelemetry-semconv\1.22.0-alpha\opentelemetry-semconv-1.22.0-alpha.jar;C:\Users\USER\.m2\repository\io\ous\jtoml\2.0.0\jtoml-2.0.0.jar;C:\Users\USER\.m2\repository\net\bytebuddy\byte-buddy\1.12.22\byte-buddy-1.12.22.jar;C:\Users\USER\.m2\repository\org\apache\commons\commons-exec\1.3\commons-exec-1.3.jar;C:\Users\USER\.m2\repository\org\asynchttpclient\async-http-client\2.12.3\async-http-client-2.12.3.jar;C:\Users\USER\.m2\repository\org\asynchttpclient\async-http-client-netty-utils\2.12.3\async-http-client-netty-utils-2.12.3.jar;C:\Users\USER\.m2\repository\io\netty\netty-codec-socks\4.1.60.Final\netty-codec-socks-4.1.60.Final.jar;C:\Users\USER\.m2\repository\io\netty\netty-handler-proxy\4.1.60.Final\netty-handler-proxy-4.1.60.Final.jar;C:\Users\USER\.m2\repository\io\netty\netty-transport-native-epoll\4.1.60.Final\netty-transport-native-epoll-4.1.60.Final-linux-x86_64.jar;C:\Users\USER\.m2\repository\io\netty\netty-transport-native-kqueue\4.1.60.Final\netty-transport-native-kqueue-4.1.60.Final-osx-x86_64.jar;C:\Users\USER\.m2\repository\org\reactivestreams\reactive-streams\1.0.3\reactive-streams-1.0.3.jar;C:\Users\USER\.m2\repository\com\typesafe\netty\netty-reactive-streams\2.0.4\netty-reactive-streams-2.0.4.jar;C:\Users\USER\.m2\repository\com\sun\activation\jakarta.activation\1.2.2\jakarta.activation-1.2.2.jar;C:\Users\USER\.m2\repository\org\seleniumhq\selenium\selenium-manager\4.8.1\selenium-manager-4.8.1.jar;C:\Users\USER\.m2\repository\org\seleniumhq\selenium\selenium-safari-driver\4.8.1\selenium-safari-driver-4.8.1.jar;C:\Users\USER\.m2\repository\org\seleniumhq\selenium\selenium-support\4.8.1\selenium-support-4.8.1.jar;C:\Users\USER\.m2\repository\com\github\javafaker\javafaker\1.0.2\javafaker-1.0.2.jar;C:\Users\USER\.m2\repository\org\apache\commons\commons-lang3\3.5\commons-lang3-3.5.jar;C:\Users\USER\.m2\repository\org\yaml\snakeyaml\1.23\snakeyaml-1.23-android.jar;C:\Users\USER\.m2\repository\com\github\mifmif\generex\1.0.2\generex-1.0.2.jar;C:\Users\USER\.m2\repository\dk\brics\automaton\automaton\1.11-8\automaton-1.11-8.jar;C:\Users\USER\.m2\repository\io\github\bonigarcia\webdrivermanager\5.3.0\webdrivermanager-5.3.0.jar;C:\Users\USER\.m2\repository\org\slf4j\slf4j-api\1.7.36\slf4j-api-1.7.36.jar;C:\Users\USER\.m2\repository\com\google\code\gson\gson\2.9.1\gson-2.9.1.jar;C:\Users\USER\.m2\repository\com\github\docker-java\docker-java\3.2.13\docker-java-3.2.13.jar;C:\Users\USER\.m2\repository\com\github\docker-java\docker-java-core\3.2.13\docker-java-core-3.2.13.jar;C:\Users\USER\.m2\repository\com\github\docker-java\docker-java-api\3.2.13\docker-java-api-3.2.13.jar;C:\Users\USER\.m2\repository\com\fasterxml\jackson\core\jackson-annotations\2.10.3\jackson-annotations-2.10.3.jar;C:\Users\USER\.m2\repository\commons-io\commons-io\2.6\commons-io-2.6.jar;C:\Users\USER\.m2\repository\org\apache\commons\commons-compress\1.21\commons-compress-1.21.jar;C:\Users\USER\.m2\repository\com\fasterxml\jackson\core\jackson-databind\2.10.3\jackson-databind-2.10.3.jar;C:\Users\USER\.m2\repository\com\fasterxml\jackson\core\jackson-core\2.10.3\jackson-core-2.10.3.jar;C:\Users\USER\.m2\repository\org\bouncycastle\bcpkix-jdk15on\1.64\bcpkix-jdk15on-1.64.jar;C:\Users\USER\.m2\repository\org\bouncycastle\bcprov-jdk15on\1.64\bcprov-jdk15on-1.64.jar;C:\Users\USER\.m2\repository\org\slf4j\jcl-over-slf4j\1.7.30\jcl-over-slf4j-1.7.30.jar;C:\Users\USER\.m2\repository\com\github\docker-java\docker-java-transport-httpclient5\3.2.13\docker-java-transport-httpclient5-3.2.13.jar;C:\Users\USER\.m2\repository\com\github\docker-java\docker-java-transport\3.2.13\docker-java-transport-3.2.13.jar;C:\Users\USER\.m2\repository\net\java\dev\jna\jna\5.8.0\jna-5.8.0.jar;C:\Users\USER\.m2\repository\org\brotli\dec\0.1.2\dec-0.1.2.jar;C:\Users\USER\.m2\repository\org\apache\httpcomponents\client5\httpclient5\5.1.3\httpclient5-5.1.3.jar;C:\Users\USER\.m2\repository\org\apache\httpcomponents\core5\httpcore5\5.1.3\httpcore5-5.1.3.jar;C:\Users\USER\.m2\repository\org\apache\httpcomponents\core5\httpcore5-h2\5.1.3\httpcore5-h2-5.1.3.jar;C:\Users\USER\.m2\repository\commons-codec\commons-codec\1.15\commons-codec-1.15.jar;C:\Users\USER\.m2\repository\io\cucumber\cucumber-java\7.11.1\cucumber-java-7.11.1.jar;C:\Users\USER\.m2\repository\io\cucumber\cucumber-core\7.11.1\cucumber-core-7.11.1.jar;C:\Users\USER\.m2\repository\io\cucumber\cucumber-gherkin\7.11.1\cucumber-gherkin-7.11.1.jar;C:\Users\USER\.m2\repository\io\cucumber\cucumber-gherkin-messages\7.11.1\cucumber-gherkin-messages-7.11.1.jar;C:\Users\USER\.m2\repository\io\cucumber\gherkin\26.0.3\gherkin-26.0.3.jar;C:\Users\USER\.m2\repository\io\cucumber\messages\21.0.1\messages-21.0.1.jar;C:\Users\USER\.m2\repository\io\cucumber\tag-expressions\5.0.1\tag-expressions-5.0.1.jar;C:\Users\USER\.m2\repository\io\cucumber\cucumber-expressions\16.1.2\cucumber-expressions-16.1.2.jar;C:\Users\USER\.m2\repository\io\cucumber\datatable\7.11.1\datatable-7.11.1.jar;C:\Users\USER\.m2\repository\io\cucumber\cucumber-plugin\7.11.1\cucumber-plugin-7.11.1.jar;C:\Users\USER\.m2\repository\io\cucumber\docstring\7.11.1\docstring-7.11.1.jar;C:\Users\USER\.m2\repository\io\cucumber\html-formatter\20.2.1\html-formatter-20.2.1.jar;C:\Users\USER\.m2\repository\io\cucumber\junit-xml-formatter\0.1.0\junit-xml-formatter-0.1.0.jar;C:\Users\USER\.m2\repository\io\cucumber\ci-environment\9.1.0\ci-environment-9.1.0.jar;C:\Users\USER\.m2\repository\org\apiguardian\apiguardian-api\1.1.2\apiguardian-api-1.1.2.jar;C:\Users\USER\.m2\repository\io\cucumber\cucumber-junit\7.11.1\cucumber-junit-7.11.1.jar;C:\Users\USER\.m2\repository\junit\junit\4.13.2\junit-4.13.2.jar;C:\Users\USER\.m2\repository\org\hamcrest\hamcrest-core\1.3\hamcrest-core-1.3.jar;C:\Users\USER\.m2\repository\org\slf4j\slf4j-simple\2.0.5\slf4j-simple-2.0.5.jar;"/>
    <property name="java.vm.vendor" value="Oracle Corporation"/>
    <property name="sun.arch.data.model" value="64"/>
    <property name="user.variant" value=""/>
    <property name="java.vendor.url" value="http://java.oracle.com/"/>
    <property name="user.timezone" value="GMT-04:00"/>
    <property name="java.vm.specification.version" value="1.8"/>
    <property name="os.name" value="Windows 10"/>
    <property name="user.country" value="US"/>
    <property name="sun.java.launcher" value="SUN_STANDARD"/>
    <property name="sun.boot.library.path" value="C:\Program Files\Java\jdk1.8.0_231\jre\bin"/>
    <property name="sun.java.command" value="C:\Users\USER\AppData\Local\Temp\surefire3078169292167915323\surefirebooter1770571152204531819.jar C:\Users\USER\AppData\Local\Temp\surefire3078169292167915323 2023-10-25T01-56-58_446-jvmRun1 surefire8995690936525816285tmp surefire_02791459546758148784tmp"/>
    <property name="surefire.test.class.path" value="C:\Users\USER\WORKSPACE\drmteamdev-Project\target\test-classes;C:\Users\USER\WORKSPACE\drmteamdev-Project\target\classes;C:\Users\USER\.m2\repository\org\seleniumhq\selenium\selenium-java\4.8.1\selenium-java-4.8.1.jar;C:\Users\USER\.m2\repository\org\seleniumhq\selenium\selenium-api\4.8.1\selenium-api-4.8.1.jar;C:\Users\USER\.m2\repository\org\seleniumhq\selenium\selenium-chrome-driver\4.8.1\selenium-chrome-driver-4.8.1.jar;C:\Users\USER\.m2\repository\com\google\auto\service\auto-service-annotations\1.0.1\auto-service-annotations-1.0.1.jar;C:\Users\USER\.m2\repository\com\google\auto\service\auto-service\1.0.1\auto-service-1.0.1.jar;C:\Users\USER\.m2\repository\com\google\auto\auto-common\1.2\auto-common-1.2.jar;C:\Users\USER\.m2\repository\com\google\guava\guava\31.1-jre\guava-31.1-jre.jar;C:\Users\USER\.m2\repository\com\google\guava\failureaccess\1.0.1\failureaccess-1.0.1.jar;C:\Users\USER\.m2\repository\com\google\guava\listenablefuture\9999.0-empty-to-avoid-conflict-with-guava\listenablefuture-9999.0-empty-to-avoid-conflict-with-guava.jar;C:\Users\USER\.m2\repository\com\google\code\findbugs\jsr305\3.0.2\jsr305-3.0.2.jar;C:\Users\USER\.m2\repository\org\checkerframework\checker-qual\3.12.0\checker-qual-3.12.0.jar;C:\Users\USER\.m2\repository\com\google\errorprone\error_prone_annotations\2.11.0\error_prone_annotations-2.11.0.jar;C:\Users\USER\.m2\repository\com\google\j2objc\j2objc-annotations\1.3\j2objc-annotations-1.3.jar;C:\Users\USER\.m2\repository\org\seleniumhq\selenium\selenium-chromium-driver\4.8.1\selenium-chromium-driver-4.8.1.jar;C:\Users\USER\.m2\repository\org\seleniumhq\selenium\selenium-json\4.8.1\selenium-json-4.8.1.jar;C:\Users\USER\.m2\repository\org\seleniumhq\selenium\selenium-devtools-v108\4.8.1\selenium-devtools-v108-4.8.1.jar;C:\Users\USER\.m2\repository\org\seleniumhq\selenium\selenium-devtools-v109\4.8.1\selenium-devtools-v109-4.8.1.jar;C:\Users\USER\.m2\repository\org\seleniumhq\selenium\selenium-devtools-v110\4.8.1\selenium-devtools-v110-4.8.1.jar;C:\Users\USER\.m2\repository\org\seleniumhq\selenium\selenium-devtools-v85\4.8.1\selenium-devtools-v85-4.8.1.jar;C:\Users\USER\.m2\repository\org\seleniumhq\selenium\selenium-edge-driver\4.8.1\selenium-edge-driver-4.8.1.jar;C:\Users\USER\.m2\repository\org\seleniumhq\selenium\selenium-firefox-driver\4.8.1\selenium-firefox-driver-4.8.1.jar;C:\Users\USER\.m2\repository\org\seleniumhq\selenium\selenium-http\4.8.1\selenium-http-4.8.1.jar;C:\Users\USER\.m2\repository\dev\failsafe\failsafe\3.3.0\failsafe-3.3.0.jar;C:\Users\USER\.m2\repository\org\seleniumhq\selenium\selenium-ie-driver\4.8.1\selenium-ie-driver-4.8.1.jar;C:\Users\USER\.m2\repository\org\seleniumhq\selenium\selenium-remote-driver\4.8.1\selenium-remote-driver-4.8.1.jar;C:\Users\USER\.m2\repository\com\beust\jcommander\1.82\jcommander-1.82.jar;C:\Users\USER\.m2\repository\io\netty\netty-buffer\4.1.87.Final\netty-buffer-4.1.87.Final.jar;C:\Users\USER\.m2\repository\io\netty\netty-codec-http\4.1.87.Final\netty-codec-http-4.1.87.Final.jar;C:\Users\USER\.m2\repository\io\netty\netty-codec\4.1.87.Final\netty-codec-4.1.87.Final.jar;C:\Users\USER\.m2\repository\io\netty\netty-handler\4.1.87.Final\netty-handler-4.1.87.Final.jar;C:\Users\USER\.m2\repository\io\netty\netty-common\4.1.87.Final\netty-common-4.1.87.Final.jar;C:\Users\USER\.m2\repository\io\netty\netty-transport-classes-epoll\4.1.87.Final\netty-transport-classes-epoll-4.1.87.Final.jar;C:\Users\USER\.m2\repository\io\netty\netty-transport-classes-kqueue\4.1.87.Final\netty-transport-classes-kqueue-4.1.87.Final.jar;C:\Users\USER\.m2\repository\io\netty\netty-transport-native-epoll\4.1.87.Final\netty-transport-native-epoll-4.1.87.Final.jar;C:\Users\USER\.m2\repository\io\netty\netty-transport-native-kqueue\4.1.87.Final\netty-transport-native-kqueue-4.1.87.Final.jar;C:\Users\USER\.m2\repository\io\netty\netty-transport-native-unix-common\4.1.87.Final\netty-transport-native-unix-common-4.1.87.Final.jar;C:\Users\USER\.m2\repository\io\netty\netty-transport\4.1.87.Final\netty-transport-4.1.87.Final.jar;C:\Users\USER\.m2\repository\io\netty\netty-resolver\4.1.87.Final\netty-resolver-4.1.87.Final.jar;C:\Users\USER\.m2\repository\io\opentelemetry\opentelemetry-api\1.22.0\opentelemetry-api-1.22.0.jar;C:\Users\USER\.m2\repository\io\opentelemetry\opentelemetry-context\1.22.0\opentelemetry-context-1.22.0.jar;C:\Users\USER\.m2\repository\io\opentelemetry\opentelemetry-exporter-logging\1.22.0\opentelemetry-exporter-logging-1.22.0.jar;C:\Users\USER\.m2\repository\io\opentelemetry\opentelemetry-sdk-metrics\1.22.0\opentelemetry-sdk-metrics-1.22.0.jar;C:\Users\USER\.m2\repository\io\opentelemetry\opentelemetry-sdk-logs\1.22.0-alpha\opentelemetry-sdk-logs-1.22.0-alpha.jar;C:\Users\USER\.m2\repository\io\opentelemetry\opentelemetry-api-logs\1.22.0-alpha\opentelemetry-api-logs-1.22.0-alpha.jar;C:\Users\USER\.m2\repository\io\opentelemetry\opentelemetry-sdk-common\1.22.0\opentelemetry-sdk-common-1.22.0.jar;C:\Users\USER\.m2\repository\io\opentelemetry\opentelemetry-sdk-extension-autoconfigure-spi\1.22.0\opentelemetry-sdk-extension-autoconfigure-spi-1.22.0.jar;C:\Users\USER\.m2\repository\io\opentelemetry\opentelemetry-sdk-extension-autoconfigure\1.22.0-alpha\opentelemetry-sdk-extension-autoconfigure-1.22.0-alpha.jar;C:\Users\USER\.m2\repository\io\opentelemetry\opentelemetry-sdk-trace\1.22.0\opentelemetry-sdk-trace-1.22.0.jar;C:\Users\USER\.m2\repository\io\opentelemetry\opentelemetry-sdk\1.22.0\opentelemetry-sdk-1.22.0.jar;C:\Users\USER\.m2\repository\io\opentelemetry\opentelemetry-semconv\1.22.0-alpha\opentelemetry-semconv-1.22.0-alpha.jar;C:\Users\USER\.m2\repository\io\ous\jtoml\2.0.0\jtoml-2.0.0.jar;C:\Users\USER\.m2\repository\net\bytebuddy\byte-buddy\1.12.22\byte-buddy-1.12.22.jar;C:\Users\USER\.m2\repository\org\apache\commons\commons-exec\1.3\commons-exec-1.3.jar;C:\Users\USER\.m2\repository\org\asynchttpclient\async-http-client\2.12.3\async-http-client-2.12.3.jar;C:\Users\USER\.m2\repository\org\asynchttpclient\async-http-client-netty-utils\2.12.3\async-http-client-netty-utils-2.12.3.jar;C:\Users\USER\.m2\repository\io\netty\netty-codec-socks\4.1.60.Final\netty-codec-socks-4.1.60.Final.jar;C:\Users\USER\.m2\repository\io\netty\netty-handler-proxy\4.1.60.Final\netty-handler-proxy-4.1.60.Final.jar;C:\Users\USER\.m2\repository\io\netty\netty-transport-native-epoll\4.1.60.Final\netty-transport-native-epoll-4.1.60.Final-linux-x86_64.jar;C:\Users\USER\.m2\repository\io\netty\netty-transport-native-kqueue\4.1.60.Final\netty-transport-native-kqueue-4.1.60.Final-osx-x86_64.jar;C:\Users\USER\.m2\repository\org\reactivestreams\reactive-streams\1.0.3\reactive-streams-1.0.3.jar;C:\Users\USER\.m2\repository\com\typesafe\netty\netty-reactive-streams\2.0.4\netty-reactive-streams-2.0.4.jar;C:\Users\USER\.m2\repository\com\sun\activation\jakarta.activation\1.2.2\jakarta.activation-1.2.2.jar;C:\Users\USER\.m2\repository\org\seleniumhq\selenium\selenium-manager\4.8.1\selenium-manager-4.8.1.jar;C:\Users\USER\.m2\repository\org\seleniumhq\selenium\selenium-safari-driver\4.8.1\selenium-safari-driver-4.8.1.jar;C:\Users\USER\.m2\repository\org\seleniumhq\selenium\selenium-support\4.8.1\selenium-support-4.8.1.jar;C:\Users\USER\.m2\repository\com\github\javafaker\javafaker\1.0.2\javafaker-1.0.2.jar;C:\Users\USER\.m2\repository\org\apache\commons\commons-lang3\3.5\commons-lang3-3.5.jar;C:\Users\USER\.m2\repository\org\yaml\snakeyaml\1.23\snakeyaml-1.23-android.jar;C:\Users\USER\.m2\repository\com\github\mifmif\generex\1.0.2\generex-1.0.2.jar;C:\Users\USER\.m2\repository\dk\brics\automaton\automaton\1.11-8\automaton-1.11-8.jar;C:\Users\USER\.m2\repository\io\github\bonigarcia\webdrivermanager\5.3.0\webdrivermanager-5.3.0.jar;C:\Users\USER\.m2\repository\org\slf4j\slf4j-api\1.7.36\slf4j-api-1.7.36.jar;C:\Users\USER\.m2\repository\com\google\code\gson\gson\2.9.1\gson-2.9.1.jar;C:\Users\USER\.m2\repository\com\github\docker-java\docker-java\3.2.13\docker-java-3.2.13.jar;C:\Users\USER\.m2\repository\com\github\docker-java\docker-java-core\3.2.13\docker-java-core-3.2.13.jar;C:\Users\USER\.m2\repository\com\github\docker-java\docker-java-api\3.2.13\docker-java-api-3.2.13.jar;C:\Users\USER\.m2\repository\com\fasterxml\jackson\core\jackson-annotations\2.10.3\jackson-annotations-2.10.3.jar;C:\Users\USER\.m2\repository\commons-io\commons-io\2.6\commons-io-2.6.jar;C:\Users\USER\.m2\repository\org\apache\commons\commons-compress\1.21\commons-compress-1.21.jar;C:\Users\USER\.m2\repository\com\fasterxml\jackson\core\jackson-databind\2.10.3\jackson-databind-2.10.3.jar;C:\Users\USER\.m2\repository\com\fasterxml\jackson\core\jackson-core\2.10.3\jackson-core-2.10.3.jar;C:\Users\USER\.m2\repository\org\bouncycastle\bcpkix-jdk15on\1.64\bcpkix-jdk15on-1.64.jar;C:\Users\USER\.m2\repository\org\bouncycastle\bcprov-jdk15on\1.64\bcprov-jdk15on-1.64.jar;C:\Users\USER\.m2\repository\org\slf4j\jcl-over-slf4j\1.7.30\jcl-over-slf4j-1.7.30.jar;C:\Users\USER\.m2\repository\com\github\docker-java\docker-java-transport-httpclient5\3.2.13\docker-java-transport-httpclient5-3.2.13.jar;C:\Users\USER\.m2\repository\com\github\docker-java\docker-java-transport\3.2.13\docker-java-transport-3.2.13.jar;C:\Users\USER\.m2\repository\net\java\dev\jna\jna\5.8.0\jna-5.8.0.jar;C:\Users\USER\.m2\repository\org\brotli\dec\0.1.2\dec-0.1.2.jar;C:\Users\USER\.m2\repository\org\apache\httpcomponents\client5\httpclient5\5.1.3\httpclient5-5.1.3.jar;C:\Users\USER\.m2\repository\org\apache\httpcomponents\core5\httpcore5\5.1.3\httpcore5-5.1.3.jar;C:\Users\USER\.m2\repository\org\apache\httpcomponents\core5\httpcore5-h2\5.1.3\httpcore5-h2-5.1.3.jar;C:\Users\USER\.m2\repository\commons-codec\commons-codec\1.15\commons-codec-1.15.jar;C:\Users\USER\.m2\repository\io\cucumber\cucumber-java\7.11.1\cucumber-java-7.11.1.jar;C:\Users\USER\.m2\repository\io\cucumber\cucumber-core\7.11.1\cucumber-core-7.11.1.jar;C:\Users\USER\.m2\repository\io\cucumber\cucumber-gherkin\7.11.1\cucumber-gherkin-7.11.1.jar;C:\Users\USER\.m2\repository\io\cucumber\cucumber-gherkin-messages\7.11.1\cucumber-gherkin-messages-7.11.1.jar;C:\Users\USER\.m2\repository\io\cucumber\gherkin\26.0.3\gherkin-26.0.3.jar;C:\Users\USER\.m2\repository\io\cucumber\messages\21.0.1\messages-21.0.1.jar;C:\Users\USER\.m2\repository\io\cucumber\tag-expressions\5.0.1\tag-expressions-5.0.1.jar;C:\Users\USER\.m2\repository\io\cucumber\cucumber-expressions\16.1.2\cucumber-expressions-16.1.2.jar;C:\Users\USER\.m2\repository\io\cucumber\datatable\7.11.1\datatable-7.11.1.jar;C:\Users\USER\.m2\repository\io\cucumber\cucumber-plugin\7.11.1\cucumber-plugin-7.11.1.jar;C:\Users\USER\.m2\repository\io\cucumber\docstring\7.11.1\docstring-7.11.1.jar;C:\Users\USER\.m2\repository\io\cucumber\html-formatter\20.2.1\html-formatter-20.2.1.jar;C:\Users\USER\.m2\repository\io\cucumber\junit-xml-formatter\0.1.0\junit-xml-formatter-0.1.0.jar;C:\Users\USER\.m2\repository\io\cucumber\ci-environment\9.1.0\ci-environment-9.1.0.jar;C:\Users\USER\.m2\repository\org\apiguardian\apiguardian-api\1.1.2\apiguardian-api-1.1.2.jar;C:\Users\USER\.m2\repository\io\cucumber\cucumber-junit\7.11.1\cucumber-junit-7.11.1.jar;C:\Users\USER\.m2\repository\junit\junit\4.13.2\junit-4.13.2.jar;C:\Users\USER\.m2\repository\org\hamcrest\hamcrest-core\1.3\hamcrest-core-1.3.jar;C:\Users\USER\.m2\repository\org\slf4j\slf4j-simple\2.0.5\slf4j-simple-2.0.5.jar;"/>
    <property name="sun.cpu.endian" value="little"/>
    <property name="user.home" value="C:\Users\USER"/>
    <property name="user.language" value="en"/>
    <property name="java.specification.vendor" value="Oracle Corporation"/>
    <property name="java.home" value="C:\Program Files\Java\jdk1.8.0_231\jre"/>
    <property name="basedir" value="C:\Users\USER\WORKSPACE\drmteamdev-Project"/>
    <property name="file.separator" value="\"/>
    <property name="line.separator" value="&#10;"/>
    <property name="java.vm.specification.vendor" value="Oracle Corporation"/>
    <property name="java.specification.name" value="Java Platform API Specification"/>
    <property name="java.awt.graphicsenv" value="sun.awt.Win32GraphicsEnvironment"/>
    <property name="surefire.real.class.path" value="C:\Users\USER\AppData\Local\Temp\surefire3078169292167915323\surefirebooter1770571152204531819.jar"/>
    <property name="sun.boot.class.path" value="C:\Program Files\Java\jdk1.8.0_231\jre\lib\resources.jar;C:\Program Files\Java\jdk1.8.0_231\jre\lib\rt.jar;C:\Program Files\Java\jdk1.8.0_231\jre\lib\sunrsasign.jar;C:\Program Files\Java\jdk1.8.0_231\jre\lib\jsse.jar;C:\Program Files\Java\jdk1.8.0_231\jre\lib\jce.jar;C:\Program Files\Java\jdk1.8.0_231\jre\lib\charsets.jar;C:\Program Files\Java\jdk1.8.0_231\jre\lib\jfr.jar;C:\Program Files\Java\jdk1.8.0_231\jre\classes"/>
    <property name="user.script" value=""/>
    <property name="sun.management.compiler" value="HotSpot 64-Bit Tiered Compilers"/>
    <property name="java.runtime.version" value="1.8.0_231-b11"/>
    <property name="user.name" value="USER"/>
    <property name="path.separator" value=";"/>
    <property name="os.version" value="10.0"/>
    <property name="java.endorsed.dirs" value="C:\Program Files\Java\jdk1.8.0_231\jre\lib\endorsed"/>
    <property name="java.runtime.name" value="Java(TM) SE Runtime Environment"/>
    <property name="file.encoding" value="Cp1251"/>
    <property name="java.vm.name" value="Java HotSpot(TM) 64-Bit Server VM"/>
    <property name="localRepository" value="C:\Users\USER\.m2\repository"/>
    <property name="java.vendor.url.bug" value="http://bugreport.sun.com/bugreport/"/>
    <property name="java.io.tmpdir" value="C:\Users\USER\AppData\Local\Temp\"/>
    <property name="idea.version" value="2022.3.2"/>
    <property name="java.version" value="1.8.0_231"/>
    <property name="user.dir" value="C:\Users\USER\WORKSPACE\drmteamdev-Project"/>
    <property name="os.arch" value="amd64"/>
    <property name="webdriver.gecko.driver" value="C:\Users\USER\.cache\selenium\geckodriver\win64\0.33.0\geckodriver.exe"/>
    <property name="java.vm.specification.name" value="Java Virtual Machine Specification"/>
    <property name="java.awt.printerjob" value="sun.awt.windows.WPrinterJob"/>
    <property name="sun.os.patch.level" value=""/>
    <property name="java.library.path" value="C:\Program Files\Java\jdk1.8.0_231\jre\bin;C:\Windows\Sun\Java\bin;C:\Windows\system32;C:\Windows;C:\Program Files\Maven\apache-maven-3.9.5\bin;C:\Program Files\Common Files\Oracle\Java\javapath;C:\Program Files (x86)\Common Files\Oracle\Java\javapath;C:\Windows\system32;C:\Windows;C:\Windows\System32\Wbem;C:\Windows\System32\WindowsPowerShell\v1.0\;C:\Windows\System32\OpenSSH\;C:\Program Files\Git\cmd;C:\Program Files\Java\jdk1.8.0_231\bin;C:\Users\USER\AppData\Local\Microsoft\WindowsApps;C:\Users\USER\AppData\Local\JetBrains\Toolbox\scripts;;."/>
    <property name="java.vm.info" value="mixed mode"/>
    <property name="java.vendor" value="Oracle Corporation"/>
    <property name="java.vm.version" value="25.231-b11"/>
    <property name="java.ext.dirs" value="C:\Program Files\Java\jdk1.8.0_231\jre\lib\ext;C:\Windows\Sun\Java\lib\ext"/>
    <property name="sun.io.unicode.encoding" value="UnicodeLittle"/>
    <property name="java.class.version" value="52.0"/>
  </properties>
  <testcase name="User login fail" classname="User with the wrong credentials should not be able" time="18.629">
    <system-out><![CDATA[
@bla
Scenario: User login fail               &amp#27;[90m# src/test/resources/features/login.feature:6&amp#27;[0m
  &amp#27;[32mGiven &amp#27;[0m&amp#27;[32muser on the main page&amp#27;[0m           &amp#27;[90m# ru.drmteamdev.step_definition.LoginStepDef.user_on_the_main_page()&amp#27;[0m
  &amp#27;[32mWhen &amp#27;[0m&amp#27;[32muser enters not registered email&amp#27;[0m &amp#27;[90m# ru.drmteamdev.step_definition.LoginStepDef.user_enters_not_registered_email()&amp#27;[0m
  &amp#27;[32mThen &amp#27;[0m&amp#27;[32muser should not be able to login&amp#27;[0m &amp#27;[90m# ru.drmteamdev.step_definition.LoginStepDef.user_should_not_be_able_to_login()&amp#27;[0m
]]></system-out>
    <system-err><![CDATA[SLF4J: Failed to load class "org.slf4j.impl.StaticLoggerBinder".
SLF4J: Defaulting to no-operation (NOP) logger implementation
SLF4J: See http://www.slf4j.org/codes.html#StaticLoggerBinder for further details.
1698213423619	geckodriver	INFO	Listening on 127.0.0.1:11623
1698213424771	mozrunner::runner	INFO	Running command: "C:\\Program Files\\Mozilla Firefox\\firefox.exe" "--marionette" "--remote-debugging-port" "18009" "--remote ... /localhost:18009/,http://[::1]:18009/" "-no-remote" "-profile" "C:\\Users\\USER\\AppData\\Local\\Temp\\rust_mozprofiletgutpy"
console.warn: services.settings: Ignoring preference override of remote settings server
console.warn: services.settings: Allow by setting MOZ_REMOTE_SETTINGS_DEVTOOLS=1 in the environment
1698213425910	Marionette	INFO	Marionette enabled
Dynamically enable window occlusion 0
1698213426147	Marionette	INFO	Listening on port 63827
WebDriver BiDi listening on ws://127.0.0.1:18009
Read port: 63827
1698213427048	RemoteAgent	WARN	TLS certificate errors will be ignored for this session
DevTools listening on ws://127.0.0.1:18009/devtools/browser/026620bb-d24c-45d5-aa1e-1a293660ac6c
console.warn: LoginRecipes: "Falling back to a synchronous message for: https://drmteamdev.ru."
1698213437491	RemoteAgent	INFO	Perform WebSocket upgrade for incoming connection from 127.0.0.1:63909
1698213437498	CDP	WARN	Invalid browser preferences for CDP. Set "fission.webContentIsolationStrategy"to 0 and "fission.bfcacheInParent" to false before Firefox starts.
1698213437546	Marionette	INFO	Stopped listening on port 63827
Dynamically enable window occlusion 1
]]></system-err>
  </testcase>
  <testcase name="User login fail without password" classname="User with the wrong credentials should not be able" time="10.844">
    <system-out><![CDATA[
@bla
Scenario: User login fail without password         &amp#27;[90m# src/test/resources/features/login.feature:11&amp#27;[0m
  &amp#27;[32mGiven &amp#27;[0m&amp#27;[32muser on the main page&amp#27;[0m                      &amp#27;[90m# ru.drmteamdev.step_definition.LoginStepDef.user_on_the_main_page()&amp#27;[0m
  &amp#27;[32mWhen &amp#27;[0m&amp#27;[32muser enters just unregistered email&amp#27;[0m         &amp#27;[90m# ru.drmteamdev.step_definition.LoginStepDef.user_enters_just_unregistered_email()&amp#27;[0m
  &amp#27;[32mThen &amp#27;[0m&amp#27;[32muser will see &amp#27;[0m&amp#27;[32m&amp#27;[1m"РџР°СЂРѕР»СЊ РЅРµ РјРѕР¶РµС‚ Р±С‹С‚СЊ РїСѓСЃС‚С‹Рј"&amp#27;[0m &amp#27;[90m# ru.drmteamdev.step_definition.LoginStepDef.userWillSee(java.lang.String)&amp#27;[0m
]]></system-out>
    <system-err><![CDATA[1698213439982	geckodriver	INFO	Listening on 127.0.0.1:8572
1698213440496	mozrunner::runner	INFO	Running command: "C:\\Program Files\\Mozilla Firefox\\firefox.exe" "--marionette" "--remote-debugging-port" "45169" "--remote ... /localhost:45169/,http://[::1]:45169/" "-no-remote" "-profile" "C:\\Users\\USER\\AppData\\Local\\Temp\\rust_mozprofile7cAm1p"
console.warn: services.settings: Ignoring preference override of remote settings server
console.warn: services.settings: Allow by setting MOZ_REMOTE_SETTINGS_DEVTOOLS=1 in the environment
1698213441419	Marionette	INFO	Marionette enabled
Dynamically enable window occlusion 0
1698213441607	Marionette	INFO	Listening on port 63925
WebDriver BiDi listening on ws://127.0.0.1:45169
Read port: 63925
1698213441776	RemoteAgent	WARN	TLS certificate errors will be ignored for this session
DevTools listening on ws://127.0.0.1:45169/devtools/browser/295a196b-d74d-4af3-99ab-b69fe27f45da
1698213448674	RemoteAgent	INFO	Perform WebSocket upgrade for incoming connection from 127.0.0.1:63970
1698213448680	CDP	WARN	Invalid browser preferences for CDP. Set "fission.webContentIsolationStrategy"to 0 and "fission.bfcacheInParent" to false before Firefox starts.
1698213448711	Marionette	INFO	Stopped listening on port 63925
Dynamically enable window occlusion 1
]]></system-err>
  </testcase>
  <testcase name="User as a volunteer should be able to login with the correct credentials" classname="User with the wrong credentials should not be able" time="11.699">
    <system-out><![CDATA[
@bla
Scenario: User as a volunteer should be able to login with the correct credentials &amp#27;[90m# src/test/resources/features/login.feature:16&amp#27;[0m
  &amp#27;[32mGiven &amp#27;[0m&amp#27;[32muser on the login page&amp#27;[0m                                                     &amp#27;[90m# ru.drmteamdev.step_definition.LoginStepDef.user_on_the_login_page()&amp#27;[0m
  &amp#27;[32mWhen &amp#27;[0m&amp#27;[32muser enters confirmed email and valid password&amp#27;[0m                              &amp#27;[90m# ru.drmteamdev.step_definition.LoginStepDef.user_enters_confirmed_email_and_valid_password()&amp#27;[0m
  &amp#27;[32mThen &amp#27;[0m&amp#27;[32muser should see Task Page&amp#27;[0m                                                   &amp#27;[90m# ru.drmteamdev.step_definition.LoginStepDef.user_should_see_task_page()&amp#27;[0m
]]></system-out>
    <system-err><![CDATA[1698213450752	geckodriver	INFO	Listening on 127.0.0.1:1092
1698213450783	mozrunner::runner	INFO	Running command: "C:\\Program Files\\Mozilla Firefox\\firefox.exe" "--marionette" "--remote-debugging-port" "19357" "--remote ... /localhost:19357/,http://[::1]:19357/" "-no-remote" "-profile" "C:\\Users\\USER\\AppData\\Local\\Temp\\rust_mozprofileUlsgoS"
console.warn: services.settings: Ignoring preference override of remote settings server
console.warn: services.settings: Allow by setting MOZ_REMOTE_SETTINGS_DEVTOOLS=1 in the environment
1698213451434	Marionette	INFO	Marionette enabled
Dynamically enable window occlusion 0
1698213451636	Marionette	INFO	Listening on port 63984
WebDriver BiDi listening on ws://127.0.0.1:19357
Read port: 63984
1698213452317	RemoteAgent	WARN	TLS certificate errors will be ignored for this session
DevTools listening on ws://127.0.0.1:19357/devtools/browser/50e0bce8-95ca-46c4-ae70-a93f05b80c2c
console.warn: LoginRecipes: "Falling back to a synchronous message for: https://drmteamdev.ru."
1698213459715	RemoteAgent	INFO	Perform WebSocket upgrade for incoming connection from 127.0.0.1:64047
1698213459720	CDP	WARN	Invalid browser preferences for CDP. Set "fission.webContentIsolationStrategy"to 0 and "fission.bfcacheInParent" to false before Firefox starts.
1698213459728	Marionette	INFO	Stopped listening on port 63984
Dynamically enable window occlusion 1
]]></system-err>
  </testcase>
  <testcase name="User as a volunteer have to be able to logout" classname="User with the wrong credentials should not be able" time="12.522">
    <system-out><![CDATA[
@bla
Scenario: User as a volunteer have to be able to logout &amp#27;[90m# src/test/resources/features/login.feature:21&amp#27;[0m
  &amp#27;[32mGiven &amp#27;[0m&amp#27;[32muser on the task page&amp#27;[0m                           &amp#27;[90m# ru.drmteamdev.step_definition.LoginStepDef.user_on_the_task_page()&amp#27;[0m
  &amp#27;[32mWhen &amp#27;[0m&amp#27;[32mif user click Р’С‹Р№С‚Рё&amp#27;[0m                              &amp#27;[90m# ru.drmteamdev.step_definition.LoginStepDef.ifUserClick()&amp#27;[0m
  &amp#27;[32mThen &amp#27;[0m&amp#27;[32muser should see login page&amp#27;[0m                       &amp#27;[90m# ru.drmteamdev.step_definition.LoginStepDef.user_should_see_login_page()&amp#27;[0m
]]></system-out>
    <system-err><![CDATA[1698213462485	geckodriver	INFO	Listening on 127.0.0.1:14807
1698213463015	mozrunner::runner	INFO	Running command: "C:\\Program Files\\Mozilla Firefox\\firefox.exe" "--marionette" "--remote-debugging-port" "19864" "--remote ... /localhost:19864/,http://[::1]:19864/" "-no-remote" "-profile" "C:\\Users\\USER\\AppData\\Local\\Temp\\rust_mozprofileQ5GWgO"
console.warn: services.settings: Ignoring preference override of remote settings server
console.warn: services.settings: Allow by setting MOZ_REMOTE_SETTINGS_DEVTOOLS=1 in the environment
1698213464067	Marionette	INFO	Marionette enabled
Dynamically enable window occlusion 0
1698213464236	Marionette	INFO	Listening on port 64073
Read port: 64073
WebDriver BiDi listening on ws://127.0.0.1:19864
1698213464354	RemoteAgent	WARN	TLS certificate errors will be ignored for this session
DevTools listening on ws://127.0.0.1:19864/devtools/browser/7875d1c0-c32f-4887-b4e6-7e16743db2e8
console.warn: LoginRecipes: "Falling back to a synchronous message for: https://drmteamdev.ru."
1698213470124	RemoteAgent	INFO	Perform WebSocket upgrade for incoming connection from 127.0.0.1:64107
1698213470129	CDP	WARN	Invalid browser preferences for CDP. Set "fission.webContentIsolationStrategy"to 0 and "fission.bfcacheInParent" to false before Firefox starts.
1698213470141	Marionette	INFO	Stopped listening on port 64073
Dynamically enable window occlusion 1
!!! error running onStopped callback: TypeError: callback is not a function
]]></system-err>
  </testcase>
  <testcase name="User as an admin should be able to login with the correct credentials" classname="User with the wrong credentials should not be able" time="10.731">
    <system-out><![CDATA[
@bla
Scenario: User as an admin should be able to login with the correct credentials &amp#27;[90m# src/test/resources/features/login.feature:27&amp#27;[0m
  &amp#27;[32mGiven &amp#27;[0m&amp#27;[32muser on the login page&amp#27;[0m                                                  &amp#27;[90m# ru.drmteamdev.step_definition.LoginStepDef.user_on_the_login_page()&amp#27;[0m
  &amp#27;[32mWhen &amp#27;[0m&amp#27;[32muser as an admin enters confirmed email and valid password&amp#27;[0m               &amp#27;[90m# ru.drmteamdev.step_definition.LoginStepDef.userAsAnAdminEntersConfirmedEmailAndValidPassword()&amp#27;[0m
  &amp#27;[32mThen &amp#27;[0m&amp#27;[32muser should see Task Page&amp#27;[0m                                                &amp#27;[90m# ru.drmteamdev.step_definition.LoginStepDef.user_should_see_task_page()&amp#27;[0m
]]></system-out>
    <system-err><![CDATA[1698213474999	geckodriver	INFO	Listening on 127.0.0.1:33661
1698213475528	mozrunner::runner	INFO	Running command: "C:\\Program Files\\Mozilla Firefox\\firefox.exe" "--marionette" "--remote-debugging-port" "46519" "--remote ... /localhost:46519/,http://[::1]:46519/" "-no-remote" "-profile" "C:\\Users\\USER\\AppData\\Local\\Temp\\rust_mozprofile9BeoIS"
console.warn: services.settings: Ignoring preference override of remote settings server
console.warn: services.settings: Allow by setting MOZ_REMOTE_SETTINGS_DEVTOOLS=1 in the environment
1698213476886	Marionette	INFO	Marionette enabled
Dynamically enable window occlusion 0
1698213477079	Marionette	INFO	Listening on port 64158
WebDriver BiDi listening on ws://127.0.0.1:46519
Read port: 64158
1698213477722	RemoteAgent	WARN	TLS certificate errors will be ignored for this session
DevTools listening on ws://127.0.0.1:46519/devtools/browser/bc857bfd-cdb3-449e-a32c-9d280cbc53ac
console.warn: LoginRecipes: "Falling back to a synchronous message for: https://drmteamdev.ru."
1698213483540	RemoteAgent	INFO	Perform WebSocket upgrade for incoming connection from 127.0.0.1:64204
1698213483544	CDP	WARN	Invalid browser preferences for CDP. Set "fission.webContentIsolationStrategy"to 0 and "fission.bfcacheInParent" to false before Firefox starts.
1698213483557	Marionette	INFO	Stopped listening on port 64158
Dynamically enable window occlusion 1
]]></system-err>
  </testcase>
  <testcase name="User as an admin have to be able to logout" classname="User with the wrong credentials should not be able" time="8.856">
    <system-out><![CDATA[
@bla
Scenario: User as an admin have to be able to logout              &amp#27;[90m# src/test/resources/features/login.feature:32&amp#27;[0m
  &amp#27;[32mGiven &amp#27;[0m&amp#27;[32muser on the login page&amp#27;[0m                                    &amp#27;[90m# ru.drmteamdev.step_definition.LoginStepDef.user_on_the_login_page()&amp#27;[0m
  &amp#27;[32mWhen &amp#27;[0m&amp#27;[32muser as an admin enters confirmed email and valid password&amp#27;[0m &amp#27;[90m# ru.drmteamdev.step_definition.LoginStepDef.userAsAnAdminEntersConfirmedEmailAndValidPassword()&amp#27;[0m
  &amp#27;[32mAnd &amp#27;[0m&amp#27;[32mif user click Р’С‹Р№С‚Рё&amp#27;[0m                                         &amp#27;[90m# ru.drmteamdev.step_definition.LoginStepDef.ifUserClick()&amp#27;[0m
  &amp#27;[32mThen &amp#27;[0m&amp#27;[32muser should see login page&amp#27;[0m                                 &amp#27;[90m# ru.drmteamdev.step_definition.LoginStepDef.user_should_see_login_page()&amp#27;[0m
]]></system-out>
    <system-err><![CDATA[1698213485800	geckodriver	INFO	Listening on 127.0.0.1:30277
1698213485823	mozrunner::runner	INFO	Running command: "C:\\Program Files\\Mozilla Firefox\\firefox.exe" "--marionette" "--remote-debugging-port" "44130" "--remote ... /localhost:44130/,http://[::1]:44130/" "-no-remote" "-profile" "C:\\Users\\USER\\AppData\\Local\\Temp\\rust_mozprofileUxxSSU"
console.warn: services.settings: Ignoring preference override of remote settings server
console.warn: services.settings: Allow by setting MOZ_REMOTE_SETTINGS_DEVTOOLS=1 in the environment
1698213486494	Marionette	INFO	Marionette enabled
Dynamically enable window occlusion 0
1698213486655	Marionette	INFO	Listening on port 64217
WebDriver BiDi listening on ws://127.0.0.1:44130
Read port: 64217
1698213487268	RemoteAgent	WARN	TLS certificate errors will be ignored for this session
DevTools listening on ws://127.0.0.1:44130/devtools/browser/8d7697ac-610b-438c-8252-ede00dfc4fcf
console.warn: LoginRecipes: "Falling back to a synchronous message for: https://drmteamdev.ru."
1698213493109	RemoteAgent	INFO	Perform WebSocket upgrade for incoming connection from 127.0.0.1:64264
1698213493114	CDP	WARN	Invalid browser preferences for CDP. Set "fission.webContentIsolationStrategy"to 0 and "fission.bfcacheInParent" to false before Firefox starts.
1698213493118	Marionette	INFO	Stopped listening on port 64217
Dynamically enable window occlusion 1
!!! error running onStopped callback: TypeError: callback is not a function
]]></system-err>
  </testcase>
  <testcase name="User as an admin should not be able to login with an incorrect password #1" classname="User with the wrong credentials should not be able" time="9.852">
    <system-out><![CDATA[
@bla
Scenario Outline: User as an admin should not be able to login with an incorrect password &amp#27;[90m# src/test/resources/features/login.feature:45&amp#27;[0m
  &amp#27;[32mGiven &amp#27;[0m&amp#27;[32muser on the login page&amp#27;[0m                                                            &amp#27;[90m# ru.drmteamdev.step_definition.LoginStepDef.user_on_the_login_page()&amp#27;[0m
  &amp#27;[32mWhen &amp#27;[0m&amp#27;[32muser as an admin enters confirmed email and invalid &amp#27;[0m&amp#27;[32m&amp#27;[1m"..."&amp#27;[0m                          &amp#27;[90m# ru.drmteamdev.step_definition.LoginStepDef.userAsAnAdminEntersConfirmedEmailAndInvalid(java.lang.String)&amp#27;[0m
  &amp#27;[32mThen &amp#27;[0m&amp#27;[32muser should see warning sign Password not correct&amp#27;[0m                                  &amp#27;[90m# ru.drmteamdev.step_definition.LoginStepDef.userShouldSeeWarningSignPasswordNotCorrect()&amp#27;[0m
]]></system-out>
    <system-err><![CDATA[1698213494591	geckodriver	INFO	Listening on 127.0.0.1:41005
1698213495225	mozrunner::runner	INFO	Running command: "C:\\Program Files\\Mozilla Firefox\\firefox.exe" "--marionette" "--remote-debugging-port" "36925" "--remote ... /localhost:36925/,http://[::1]:36925/" "-no-remote" "-profile" "C:\\Users\\USER\\AppData\\Local\\Temp\\rust_mozprofile3H0Bj9"
console.warn: services.settings: Ignoring preference override of remote settings server
console.warn: services.settings: Allow by setting MOZ_REMOTE_SETTINGS_DEVTOOLS=1 in the environment
1698213496783	Marionette	INFO	Marionette enabled
Dynamically enable window occlusion 0
1698213496924	Marionette	INFO	Listening on port 64282
WebDriver BiDi listening on ws://127.0.0.1:36925
Read port: 64282
1698213497511	RemoteAgent	WARN	TLS certificate errors will be ignored for this session
DevTools listening on ws://127.0.0.1:36925/devtools/browser/71b96fa5-e5b6-4ff2-a382-e2a8cecdf9c1
console.warn: LoginRecipes: "Falling back to a synchronous message for: https://drmteamdev.ru."
1698213502170	RemoteAgent	INFO	Perform WebSocket upgrade for incoming connection from 127.0.0.1:64326
1698213502174	CDP	WARN	Invalid browser preferences for CDP. Set "fission.webContentIsolationStrategy"to 0 and "fission.bfcacheInParent" to false before Firefox starts.
1698213502249	Marionette	INFO	Stopped listening on port 64282
Dynamically enable window occlusion 1
!!! error running onStopped callback: TypeError: callback is not a function
]]></system-err>
  </testcase>
  <testcase name="User as an admin should not be able to login with an incorrect password #2" classname="User with the wrong credentials should not be able" time="8.669">
    <system-out><![CDATA[
@bla
Scenario Outline: User as an admin should not be able to login with an incorrect password &amp#27;[90m# src/test/resources/features/login.feature:46&amp#27;[0m
  &amp#27;[32mGiven &amp#27;[0m&amp#27;[32muser on the login page&amp#27;[0m                                                            &amp#27;[90m# ru.drmteamdev.step_definition.LoginStepDef.user_on_the_login_page()&amp#27;[0m
  &amp#27;[32mWhen &amp#27;[0m&amp#27;[32muser as an admin enters confirmed email and invalid &amp#27;[0m&amp#27;[32m&amp#27;[1m"1234"&amp#27;[0m                         &amp#27;[90m# ru.drmteamdev.step_definition.LoginStepDef.userAsAnAdminEntersConfirmedEmailAndInvalid(java.lang.String)&amp#27;[0m
  &amp#27;[32mThen &amp#27;[0m&amp#27;[32muser should see warning sign Password not correct&amp#27;[0m                                  &amp#27;[90m# ru.drmteamdev.step_definition.LoginStepDef.userShouldSeeWarningSignPasswordNotCorrect()&amp#27;[0m
]]></system-out>
    <system-err><![CDATA[1698213504412	geckodriver	INFO	Listening on 127.0.0.1:23581
1698213504972	mozrunner::runner	INFO	Running command: "C:\\Program Files\\Mozilla Firefox\\firefox.exe" "--marionette" "--remote-debugging-port" "47679" "--remote ... /localhost:47679/,http://[::1]:47679/" "-no-remote" "-profile" "C:\\Users\\USER\\AppData\\Local\\Temp\\rust_mozprofileTBowqi"
console.warn: services.settings: Ignoring preference override of remote settings server
console.warn: services.settings: Allow by setting MOZ_REMOTE_SETTINGS_DEVTOOLS=1 in the environment
1698213505461	Marionette	INFO	Marionette enabled
Dynamically enable window occlusion 0
1698213505619	Marionette	INFO	Listening on port 64343
WebDriver BiDi listening on ws://127.0.0.1:47679
Read port: 64343
1698213505936	RemoteAgent	WARN	TLS certificate errors will be ignored for this session
DevTools listening on ws://127.0.0.1:47679/devtools/browser/4f2df58c-5953-4ce8-9593-4a5e7f5bc752
console.warn: LoginRecipes: "Falling back to a synchronous message for: https://drmteamdev.ru."
1698213511391	RemoteAgent	INFO	Perform WebSocket upgrade for incoming connection from 127.0.0.1:64391
1698213511397	CDP	WARN	Invalid browser preferences for CDP. Set "fission.webContentIsolationStrategy"to 0 and "fission.bfcacheInParent" to false before Firefox starts.
1698213511445	Marionette	INFO	Stopped listening on port 64343
Dynamically enable window occlusion 1
]]></system-err>
  </testcase>
  <testcase name="User as an admin should not be able to login with an incorrect password #3" classname="User with the wrong credentials should not be able" time="8.104">
    <system-out><![CDATA[
@bla
Scenario Outline: User as an admin should not be able to login with an incorrect password &amp#27;[90m# src/test/resources/features/login.feature:47&amp#27;[0m
  &amp#27;[32mGiven &amp#27;[0m&amp#27;[32muser on the login page&amp#27;[0m                                                            &amp#27;[90m# ru.drmteamdev.step_definition.LoginStepDef.user_on_the_login_page()&amp#27;[0m
  &amp#27;[32mWhen &amp#27;[0m&amp#27;[32muser as an admin enters confirmed email and invalid &amp#27;[0m&amp#27;[32m&amp#27;[1m"321"&amp#27;[0m                          &amp#27;[90m# ru.drmteamdev.step_definition.LoginStepDef.userAsAnAdminEntersConfirmedEmailAndInvalid(java.lang.String)&amp#27;[0m
  &amp#27;[32mThen &amp#27;[0m&amp#27;[32muser should see warning sign Password not correct&amp#27;[0m                                  &amp#27;[90m# ru.drmteamdev.step_definition.LoginStepDef.userShouldSeeWarningSignPasswordNotCorrect()&amp#27;[0m
]]></system-out>
    <system-err><![CDATA[1698213513111	geckodriver	INFO	Listening on 127.0.0.1:7102
1698213513614	mozrunner::runner	INFO	Running command: "C:\\Program Files\\Mozilla Firefox\\firefox.exe" "--marionette" "--remote-debugging-port" "48379" "--remote ... /localhost:48379/,http://[::1]:48379/" "-no-remote" "-profile" "C:\\Users\\USER\\AppData\\Local\\Temp\\rust_mozprofilexzLd8N"
console.warn: services.settings: Ignoring preference override of remote settings server
console.warn: services.settings: Allow by setting MOZ_REMOTE_SETTINGS_DEVTOOLS=1 in the environment
1698213514152	Marionette	INFO	Marionette enabled
Dynamically enable window occlusion 0
1698213514297	Marionette	INFO	Listening on port 64412
WebDriver BiDi listening on ws://127.0.0.1:48379
Read port: 64412
1698213514760	RemoteAgent	WARN	TLS certificate errors will be ignored for this session
DevTools listening on ws://127.0.0.1:48379/devtools/browser/3ea0d853-690a-4e81-ae82-515caf2ee302
console.warn: LoginRecipes: "Falling back to a synchronous message for: https://drmteamdev.ru."
1698213519485	RemoteAgent	INFO	Perform WebSocket upgrade for incoming connection from 127.0.0.1:64450
1698213519490	CDP	WARN	Invalid browser preferences for CDP. Set "fission.webContentIsolationStrategy"to 0 and "fission.bfcacheInParent" to false before Firefox starts.
1698213519511	Marionette	INFO	Stopped listening on port 64412
Dynamically enable window occlusion 1
]]></system-err>
  </testcase>
  <testcase name="User as an admin should not be able to login with an incorrect password #4" classname="User with the wrong credentials should not be able" time="8.268">
    <system-out><![CDATA[
@bla
Scenario Outline: User as an admin should not be able to login with an incorrect password &amp#27;[90m# src/test/resources/features/login.feature:48&amp#27;[0m
  &amp#27;[32mGiven &amp#27;[0m&amp#27;[32muser on the login page&amp#27;[0m                                                            &amp#27;[90m# ru.drmteamdev.step_definition.LoginStepDef.user_on_the_login_page()&amp#27;[0m
  &amp#27;[32mWhen &amp#27;[0m&amp#27;[32muser as an admin enters confirmed email and invalid &amp#27;[0m&amp#27;[32m&amp#27;[1m"vnaoshi"&amp#27;[0m                      &amp#27;[90m# ru.drmteamdev.step_definition.LoginStepDef.userAsAnAdminEntersConfirmedEmailAndInvalid(java.lang.String)&amp#27;[0m
  &amp#27;[32mThen &amp#27;[0m&amp#27;[32muser should see warning sign Password not correct&amp#27;[0m                                  &amp#27;[90m# ru.drmteamdev.step_definition.LoginStepDef.userShouldSeeWarningSignPasswordNotCorrect()&amp#27;[0m
]]></system-out>
    <system-err><![CDATA[1698213521203	geckodriver	INFO	Listening on 127.0.0.1:28072
1698213521802	mozrunner::runner	INFO	Running command: "C:\\Program Files\\Mozilla Firefox\\firefox.exe" "--marionette" "--remote-debugging-port" "20376" "--remote ... /localhost:20376/,http://[::1]:20376/" "-no-remote" "-profile" "C:\\Users\\USER\\AppData\\Local\\Temp\\rust_mozprofileDvpeRw"
console.warn: services.settings: Ignoring preference override of remote settings server
console.warn: services.settings: Allow by setting MOZ_REMOTE_SETTINGS_DEVTOOLS=1 in the environment
1698213522416	Marionette	INFO	Marionette enabled
Dynamically enable window occlusion 0
1698213522527	Marionette	INFO	Listening on port 64471
WebDriver BiDi listening on ws://127.0.0.1:20376
Read port: 64471
1698213522841	RemoteAgent	WARN	TLS certificate errors will be ignored for this session
DevTools listening on ws://127.0.0.1:20376/devtools/browser/25fd510c-d8cf-4a7f-8f0f-32b73ed21343
console.warn: LoginRecipes: "Falling back to a synchronous message for: https://drmteamdev.ru."
1698213527686	RemoteAgent	INFO	Perform WebSocket upgrade for incoming connection from 127.0.0.1:64505
1698213527691	CDP	WARN	Invalid browser preferences for CDP. Set "fission.webContentIsolationStrategy"to 0 and "fission.bfcacheInParent" to false before Firefox starts.
1698213527696	Marionette	INFO	Stopped listening on port 64471
Dynamically enable window occlusion 1
]]></system-err>
  </testcase>
  <testcase name="User as an admin should not be able to login with an incorrect password #5" classname="User with the wrong credentials should not be able" time="6.74">
    <system-out><![CDATA[
@bla
Scenario Outline: User as an admin should not be able to login with an incorrect password &amp#27;[90m# src/test/resources/features/login.feature:49&amp#27;[0m
  &amp#27;[32mGiven &amp#27;[0m&amp#27;[32muser on the login page&amp#27;[0m                                                            &amp#27;[90m# ru.drmteamdev.step_definition.LoginStepDef.user_on_the_login_page()&amp#27;[0m
  &amp#27;[32mWhen &amp#27;[0m&amp#27;[32muser as an admin enters confirmed email and invalid &amp#27;[0m&amp#27;[32m&amp#27;[1m"РґРѕР°С‹С‰С€РѕРІР°С‰"&amp#27;[0m                   &amp#27;[90m# ru.drmteamdev.step_definition.LoginStepDef.userAsAnAdminEntersConfirmedEmailAndInvalid(java.lang.String)&amp#27;[0m
  &amp#27;[32mThen &amp#27;[0m&amp#27;[32muser should see warning sign Password not correct&amp#27;[0m                                  &amp#27;[90m# ru.drmteamdev.step_definition.LoginStepDef.userShouldSeeWarningSignPasswordNotCorrect()&amp#27;[0m
]]></system-out>
    <system-err><![CDATA[1698213529452	geckodriver	INFO	Listening on 127.0.0.1:26719
1698213529478	mozrunner::runner	INFO	Running command: "C:\\Program Files\\Mozilla Firefox\\firefox.exe" "--marionette" "--remote-debugging-port" "33844" "--remote ... /localhost:33844/,http://[::1]:33844/" "-no-remote" "-profile" "C:\\Users\\USER\\AppData\\Local\\Temp\\rust_mozprofileVtbCjy"
console.warn: services.settings: Ignoring preference override of remote settings server
console.warn: services.settings: Allow by setting MOZ_REMOTE_SETTINGS_DEVTOOLS=1 in the environment
1698213529987	Marionette	INFO	Marionette enabled
Dynamically enable window occlusion 0
1698213530098	Marionette	INFO	Listening on port 64522
WebDriver BiDi listening on ws://127.0.0.1:33844
Read port: 64522
1698213530421	RemoteAgent	WARN	TLS certificate errors will be ignored for this session
DevTools listening on ws://127.0.0.1:33844/devtools/browser/db05918f-67c5-4617-adc5-f2d3782b6f28
console.warn: LoginRecipes: "Falling back to a synchronous message for: https://drmteamdev.ru."
1698213535011	RemoteAgent	INFO	Perform WebSocket upgrade for incoming connection from 127.0.0.1:64556
1698213535015	CDP	WARN	Invalid browser preferences for CDP. Set "fission.webContentIsolationStrategy"to 0 and "fission.bfcacheInParent" to false before Firefox starts.
1698213535021	Marionette	INFO	Stopped listening on port 64522
Dynamically enable window occlusion 1
]]></system-err>
  </testcase>
  <testcase name="User as an admin should not be able to login with an incorrect password #6" classname="User with the wrong credentials should not be able" time="5.898">
    <system-out><![CDATA[
@bla
Scenario Outline: User as an admin should not be able to login with an incorrect password &amp#27;[90m# src/test/resources/features/login.feature:50&amp#27;[0m
  &amp#27;[32mGiven &amp#27;[0m&amp#27;[32muser on the login page&amp#27;[0m                                                            &amp#27;[90m# ru.drmteamdev.step_definition.LoginStepDef.user_on_the_login_page()&amp#27;[0m
  &amp#27;[32mWhen &amp#27;[0m&amp#27;[32muser as an admin enters confirmed email and invalid &amp#27;[0m&amp#27;[32m&amp#27;[1m"123123"&amp#27;[0m                       &amp#27;[90m# ru.drmteamdev.step_definition.LoginStepDef.userAsAnAdminEntersConfirmedEmailAndInvalid(java.lang.String)&amp#27;[0m
  &amp#27;[32mThen &amp#27;[0m&amp#27;[32muser should see warning sign Password not correct&amp#27;[0m                                  &amp#27;[90m# ru.drmteamdev.step_definition.LoginStepDef.userShouldSeeWarningSignPasswordNotCorrect()&amp#27;[0m
]]></system-out>
    <system-err><![CDATA[1698213536173	geckodriver	INFO	Listening on 127.0.0.1:22735
1698213536192	mozrunner::runner	INFO	Running command: "C:\\Program Files\\Mozilla Firefox\\firefox.exe" "--marionette" "--remote-debugging-port" "24764" "--remote ... /localhost:24764/,http://[::1]:24764/" "-no-remote" "-profile" "C:\\Users\\USER\\AppData\\Local\\Temp\\rust_mozprofile7PIwdr"
console.warn: services.settings: Ignoring preference override of remote settings server
console.warn: services.settings: Allow by setting MOZ_REMOTE_SETTINGS_DEVTOOLS=1 in the environment
1698213536627	Marionette	INFO	Marionette enabled
Dynamically enable window occlusion 0
1698213536729	Marionette	INFO	Listening on port 64562
WebDriver BiDi listening on ws://127.0.0.1:24764
Read port: 64562
1698213536980	RemoteAgent	WARN	TLS certificate errors will be ignored for this session
DevTools listening on ws://127.0.0.1:24764/devtools/browser/e0d22786-0bb5-4bcf-8a77-60c2f9787c91
console.warn: LoginRecipes: "Falling back to a synchronous message for: https://drmteamdev.ru."
1698213540776	RemoteAgent	INFO	Perform WebSocket upgrade for incoming connection from 127.0.0.1:64585
1698213540781	CDP	WARN	Invalid browser preferences for CDP. Set "fission.webContentIsolationStrategy"to 0 and "fission.bfcacheInParent" to false before Firefox starts.
1698213540785	Marionette	INFO	Stopped listening on port 64562
Dynamically enable window occlusion 1
]]></system-err>
  </testcase>
  <testcase name="User as an admin should not be able to login with an incorrect password #7" classname="User with the wrong credentials should not be able" time="5.807">
    <system-out><![CDATA[
@bla
Scenario Outline: User as an admin should not be able to login with an incorrect password &amp#27;[90m# src/test/resources/features/login.feature:51&amp#27;[0m
  &amp#27;[32mGiven &amp#27;[0m&amp#27;[32muser on the login page&amp#27;[0m                                                            &amp#27;[90m# ru.drmteamdev.step_definition.LoginStepDef.user_on_the_login_page()&amp#27;[0m
  &amp#27;[32mWhen &amp#27;[0m&amp#27;[32muser as an admin enters confirmed email and invalid &amp#27;[0m&amp#27;[32m&amp#27;[1m"@#$%^&*()"&amp#27;[0m                    &amp#27;[90m# ru.drmteamdev.step_definition.LoginStepDef.userAsAnAdminEntersConfirmedEmailAndInvalid(java.lang.String)&amp#27;[0m
  &amp#27;[32mThen &amp#27;[0m&amp#27;[32muser should see warning sign Password not correct&amp#27;[0m                                  &amp#27;[90m# ru.drmteamdev.step_definition.LoginStepDef.userShouldSeeWarningSignPasswordNotCorrect()&amp#27;[0m
]]></system-out>
    <system-err><![CDATA[1698213542069	geckodriver	INFO	Listening on 127.0.0.1:14161
1698213542087	mozrunner::runner	INFO	Running command: "C:\\Program Files\\Mozilla Firefox\\firefox.exe" "--marionette" "--remote-debugging-port" "11415" "--remote ... /localhost:11415/,http://[::1]:11415/" "-no-remote" "-profile" "C:\\Users\\USER\\AppData\\Local\\Temp\\rust_mozprofilegjnCbC"
console.warn: services.settings: Ignoring preference override of remote settings server
console.warn: services.settings: Allow by setting MOZ_REMOTE_SETTINGS_DEVTOOLS=1 in the environment
1698213542500	Marionette	INFO	Marionette enabled
Dynamically enable window occlusion 0
1698213542591	Marionette	INFO	Listening on port 64591
WebDriver BiDi listening on ws://127.0.0.1:11415
Read port: 64591
1698213542886	RemoteAgent	WARN	TLS certificate errors will be ignored for this session
DevTools listening on ws://127.0.0.1:11415/devtools/browser/92e27059-a318-480b-a1e2-3fceb0f828a1
console.warn: LoginRecipes: "Falling back to a synchronous message for: https://drmteamdev.ru."
1698213546570	RemoteAgent	INFO	Perform WebSocket upgrade for incoming connection from 127.0.0.1:64613
1698213546574	CDP	WARN	Invalid browser preferences for CDP. Set "fission.webContentIsolationStrategy"to 0 and "fission.bfcacheInParent" to false before Firefox starts.
1698213546580	Marionette	INFO	Stopped listening on port 64591
Dynamically enable window occlusion 1
]]></system-err>
  </testcase>
  <testcase name="User as an admin should not be able to login with an incorrect password #8" classname="User with the wrong credentials should not be able" time="6.802">
    <system-out><![CDATA[
@bla
Scenario Outline: User as an admin should not be able to login with an incorrect password &amp#27;[90m# src/test/resources/features/login.feature:52&amp#27;[0m
  &amp#27;[32mGiven &amp#27;[0m&amp#27;[32muser on the login page&amp#27;[0m                                                            &amp#27;[90m# ru.drmteamdev.step_definition.LoginStepDef.user_on_the_login_page()&amp#27;[0m
  &amp#27;[32mWhen &amp#27;[0m&amp#27;[32muser as an admin enters confirmed email and invalid &amp#27;[0m&amp#27;[32m&amp#27;[1m""&amp#27;[0m                             &amp#27;[90m# ru.drmteamdev.step_definition.LoginStepDef.userAsAnAdminEntersConfirmedEmailAndInvalid(java.lang.String)&amp#27;[0m
  &amp#27;[32mThen &amp#27;[0m&amp#27;[32muser should see warning sign Password not correct&amp#27;[0m                                  &amp#27;[90m# ru.drmteamdev.step_definition.LoginStepDef.userShouldSeeWarningSignPasswordNotCorrect()&amp#27;[0m
]]></system-out>
    <system-err><![CDATA[1698213547885	geckodriver	INFO	Listening on 127.0.0.1:29099
1698213548417	mozrunner::runner	INFO	Running command: "C:\\Program Files\\Mozilla Firefox\\firefox.exe" "--marionette" "--remote-debugging-port" "8077" "--remote- ... ://localhost:8077/,http://[::1]:8077/" "-no-remote" "-profile" "C:\\Users\\USER\\AppData\\Local\\Temp\\rust_mozprofilevWOODi"
console.warn: services.settings: Ignoring preference override of remote settings server
console.warn: services.settings: Allow by setting MOZ_REMOTE_SETTINGS_DEVTOOLS=1 in the environment
1698213548933	Marionette	INFO	Marionette enabled
Dynamically enable window occlusion 0
1698213549042	Marionette	INFO	Listening on port 64620
WebDriver BiDi listening on ws://127.0.0.1:8077
Read port: 64620
1698213549551	RemoteAgent	WARN	TLS certificate errors will be ignored for this session
DevTools listening on ws://127.0.0.1:8077/devtools/browser/f65087fe-4b0c-48e2-a6fb-708affcb762a
console.warn: LoginRecipes: "Falling back to a synchronous message for: https://drmteamdev.ru."
1698213553587	RemoteAgent	INFO	Perform WebSocket upgrade for incoming connection from 127.0.0.1:64642
1698213553593	CDP	WARN	Invalid browser preferences for CDP. Set "fission.webContentIsolationStrategy"to 0 and "fission.bfcacheInParent" to false before Firefox starts.
1698213553597	Marionette	INFO	Stopped listening on port 64620
Dynamically enable window occlusion 1
]]></system-err>
  </testcase>
  <testcase name="User as a volunteer should not be able to login with an incorrect password #1" classname="User with the wrong credentials should not be able" time="5.635">
    <system-out><![CDATA[
@bla
Scenario Outline: User as a volunteer should not be able to login with an incorrect password &amp#27;[90m# src/test/resources/features/login.feature:61&amp#27;[0m
  &amp#27;[32mGiven &amp#27;[0m&amp#27;[32muser on the login page&amp#27;[0m                                                               &amp#27;[90m# ru.drmteamdev.step_definition.LoginStepDef.user_on_the_login_page()&amp#27;[0m
  &amp#27;[32mWhen &amp#27;[0m&amp#27;[32muser as a volunteer enters confirmed email and invalid &amp#27;[0m&amp#27;[32m&amp#27;[1m"..."&amp#27;[0m                          &amp#27;[90m# ru.drmteamdev.step_definition.LoginStepDef.userAsAVolunteerEntersConfirmedEmailAndInvalid(java.lang.String)&amp#27;[0m
  &amp#27;[32mThen &amp#27;[0m&amp#27;[32muser should see warning sign Password not correct&amp#27;[0m                                     &amp#27;[90m# ru.drmteamdev.step_definition.LoginStepDef.userShouldSeeWarningSignPasswordNotCorrect()&amp#27;[0m
]]></system-out>
    <system-err><![CDATA[1698213554679	geckodriver	INFO	Listening on 127.0.0.1:1787
1698213554700	mozrunner::runner	INFO	Running command: "C:\\Program Files\\Mozilla Firefox\\firefox.exe" "--marionette" "--remote-debugging-port" "29182" "--remote ... /localhost:29182/,http://[::1]:29182/" "-no-remote" "-profile" "C:\\Users\\USER\\AppData\\Local\\Temp\\rust_mozprofileHB5H3p"
console.warn: services.settings: Ignoring preference override of remote settings server
console.warn: services.settings: Allow by setting MOZ_REMOTE_SETTINGS_DEVTOOLS=1 in the environment
1698213555131	Marionette	INFO	Marionette enabled
Dynamically enable window occlusion 0
1698213555225	Marionette	INFO	Listening on port 64647
WebDriver BiDi listening on ws://127.0.0.1:29182
Read port: 64647
1698213555451	RemoteAgent	WARN	TLS certificate errors will be ignored for this session
DevTools listening on ws://127.0.0.1:29182/devtools/browser/bf9bb5ec-22ba-489c-9e44-dcbb964622e8
console.warn: LoginRecipes: "Falling back to a synchronous message for: https://drmteamdev.ru."
1698213559178	RemoteAgent	INFO	Perform WebSocket upgrade for incoming connection from 127.0.0.1:64670
1698213559182	CDP	WARN	Invalid browser preferences for CDP. Set "fission.webContentIsolationStrategy"to 0 and "fission.bfcacheInParent" to false before Firefox starts.
1698213559186	Marionette	INFO	Stopped listening on port 64647
Dynamically enable window occlusion 1
]]></system-err>
  </testcase>
  <testcase name="User as a volunteer should not be able to login with an incorrect password #2" classname="User with the wrong credentials should not be able" time="6.286">
    <system-out><![CDATA[
@bla
Scenario Outline: User as a volunteer should not be able to login with an incorrect password &amp#27;[90m# src/test/resources/features/login.feature:62&amp#27;[0m
  &amp#27;[32mGiven &amp#27;[0m&amp#27;[32muser on the login page&amp#27;[0m                                                               &amp#27;[90m# ru.drmteamdev.step_definition.LoginStepDef.user_on_the_login_page()&amp#27;[0m
  &amp#27;[32mWhen &amp#27;[0m&amp#27;[32muser as a volunteer enters confirmed email and invalid &amp#27;[0m&amp#27;[32m&amp#27;[1m"1234"&amp#27;[0m                         &amp#27;[90m# ru.drmteamdev.step_definition.LoginStepDef.userAsAVolunteerEntersConfirmedEmailAndInvalid(java.lang.String)&amp#27;[0m
  &amp#27;[32mThen &amp#27;[0m&amp#27;[32muser should see warning sign Password not correct&amp#27;[0m                                     &amp#27;[90m# ru.drmteamdev.step_definition.LoginStepDef.userShouldSeeWarningSignPasswordNotCorrect()&amp#27;[0m
]]></system-out>
    <system-err><![CDATA[1698213560323	geckodriver	INFO	Listening on 127.0.0.1:48480
1698213560873	mozrunner::runner	INFO	Running command: "C:\\Program Files\\Mozilla Firefox\\firefox.exe" "--marionette" "--remote-debugging-port" "40275" "--remote ... /localhost:40275/,http://[::1]:40275/" "-no-remote" "-profile" "C:\\Users\\USER\\AppData\\Local\\Temp\\rust_mozprofile1rn6On"
console.warn: services.settings: Ignoring preference override of remote settings server
console.warn: services.settings: Allow by setting MOZ_REMOTE_SETTINGS_DEVTOOLS=1 in the environment
1698213561305	Marionette	INFO	Marionette enabled
Dynamically enable window occlusion 0
1698213561399	Marionette	INFO	Listening on port 64676
WebDriver BiDi listening on ws://127.0.0.1:40275
Read port: 64676
1698213561619	RemoteAgent	WARN	TLS certificate errors will be ignored for this session
DevTools listening on ws://127.0.0.1:40275/devtools/browser/500f9265-fb9f-4285-a165-20a52720df71
console.warn: LoginRecipes: "Falling back to a synchronous message for: https://drmteamdev.ru."
1698213565317	RemoteAgent	INFO	Perform WebSocket upgrade for incoming connection from 127.0.0.1:64698
1698213565320	CDP	WARN	Invalid browser preferences for CDP. Set "fission.webContentIsolationStrategy"to 0 and "fission.bfcacheInParent" to false before Firefox starts.
1698213565326	Marionette	INFO	Stopped listening on port 64676
Dynamically enable window occlusion 1
]]></system-err>
  </testcase>
  <testcase name="User as a volunteer should not be able to login with an incorrect password #3" classname="User with the wrong credentials should not be able" time="5.9">
    <system-out><![CDATA[
@bla
Scenario Outline: User as a volunteer should not be able to login with an incorrect password &amp#27;[90m# src/test/resources/features/login.feature:63&amp#27;[0m
  &amp#27;[32mGiven &amp#27;[0m&amp#27;[32muser on the login page&amp#27;[0m                                                               &amp#27;[90m# ru.drmteamdev.step_definition.LoginStepDef.user_on_the_login_page()&amp#27;[0m
  &amp#27;[32mWhen &amp#27;[0m&amp#27;[32muser as a volunteer enters confirmed email and invalid &amp#27;[0m&amp#27;[32m&amp#27;[1m"321"&amp#27;[0m                          &amp#27;[90m# ru.drmteamdev.step_definition.LoginStepDef.userAsAVolunteerEntersConfirmedEmailAndInvalid(java.lang.String)&amp#27;[0m
  &amp#27;[32mThen &amp#27;[0m&amp#27;[32muser should see warning sign Password not correct&amp#27;[0m                                     &amp#27;[90m# ru.drmteamdev.step_definition.LoginStepDef.userShouldSeeWarningSignPasswordNotCorrect()&amp#27;[0m
]]></system-out>
    <system-err><![CDATA[1698213566601	geckodriver	INFO	Listening on 127.0.0.1:12508
1698213566632	mozrunner::runner	INFO	Running command: "C:\\Program Files\\Mozilla Firefox\\firefox.exe" "--marionette" "--remote-debugging-port" "26946" "--remote ... /localhost:26946/,http://[::1]:26946/" "-no-remote" "-profile" "C:\\Users\\USER\\AppData\\Local\\Temp\\rust_mozprofileNOCHeu"
console.warn: services.settings: Ignoring preference override of remote settings server
console.warn: services.settings: Allow by setting MOZ_REMOTE_SETTINGS_DEVTOOLS=1 in the environment
1698213567066	Marionette	INFO	Marionette enabled
Dynamically enable window occlusion 0
1698213567158	Marionette	INFO	Listening on port 64704
WebDriver BiDi listening on ws://127.0.0.1:26946
Read port: 64704
1698213567380	RemoteAgent	WARN	TLS certificate errors will be ignored for this session
DevTools listening on ws://127.0.0.1:26946/devtools/browser/f97175da-3755-4743-91ad-5623211a691b
console.warn: LoginRecipes: "Falling back to a synchronous message for: https://drmteamdev.ru."
1698213571366	RemoteAgent	INFO	Perform WebSocket upgrade for incoming connection from 127.0.0.1:64726
1698213571370	CDP	WARN	Invalid browser preferences for CDP. Set "fission.webContentIsolationStrategy"to 0 and "fission.bfcacheInParent" to false before Firefox starts.
1698213571372	Marionette	INFO	Stopped listening on port 64704
Dynamically enable window occlusion 1
]]></system-err>
  </testcase>
  <testcase name="User as a volunteer should not be able to login with an incorrect password #4" classname="User with the wrong credentials should not be able" time="6.952">
    <system-out><![CDATA[
@bla
Scenario Outline: User as a volunteer should not be able to login with an incorrect password &amp#27;[90m# src/test/resources/features/login.feature:64&amp#27;[0m
  &amp#27;[32mGiven &amp#27;[0m&amp#27;[32muser on the login page&amp#27;[0m                                                               &amp#27;[90m# ru.drmteamdev.step_definition.LoginStepDef.user_on_the_login_page()&amp#27;[0m
  &amp#27;[32mWhen &amp#27;[0m&amp#27;[32muser as a volunteer enters confirmed email and invalid &amp#27;[0m&amp#27;[32m&amp#27;[1m"vnaoshi"&amp#27;[0m                      &amp#27;[90m# ru.drmteamdev.step_definition.LoginStepDef.userAsAVolunteerEntersConfirmedEmailAndInvalid(java.lang.String)&amp#27;[0m
  &amp#27;[32mThen &amp#27;[0m&amp#27;[32muser should see warning sign Password not correct&amp#27;[0m                                     &amp#27;[90m# ru.drmteamdev.step_definition.LoginStepDef.userShouldSeeWarningSignPasswordNotCorrect()&amp#27;[0m
]]></system-out>
    <system-err><![CDATA[1698213572498	geckodriver	INFO	Listening on 127.0.0.1:3472
1698213572523	mozrunner::runner	INFO	Running command: "C:\\Program Files\\Mozilla Firefox\\firefox.exe" "--marionette" "--remote-debugging-port" "14184" "--remote ... /localhost:14184/,http://[::1]:14184/" "-no-remote" "-profile" "C:\\Users\\USER\\AppData\\Local\\Temp\\rust_mozprofileyHLj41"
console.warn: services.settings: Ignoring preference override of remote settings server
console.warn: services.settings: Allow by setting MOZ_REMOTE_SETTINGS_DEVTOOLS=1 in the environment
1698213572971	Marionette	INFO	Marionette enabled
Dynamically enable window occlusion 0
1698213573075	Marionette	INFO	Listening on port 64732
WebDriver BiDi listening on ws://127.0.0.1:14184
Read port: 64732
1698213573399	RemoteAgent	WARN	TLS certificate errors will be ignored for this session
DevTools listening on ws://127.0.0.1:14184/devtools/browser/c54d63a7-336c-401a-83fa-fa582629aab5
console.warn: LoginRecipes: "Falling back to a synchronous message for: https://drmteamdev.ru."
1698213578200	RemoteAgent	INFO	Perform WebSocket upgrade for incoming connection from 127.0.0.1:64755
1698213578204	CDP	WARN	Invalid browser preferences for CDP. Set "fission.webContentIsolationStrategy"to 0 and "fission.bfcacheInParent" to false before Firefox starts.
1698213578208	Marionette	INFO	Stopped listening on port 64732
Dynamically enable window occlusion 1
]]></system-err>
  </testcase>
  <testcase name="User as a volunteer should not be able to login with an incorrect password #5" classname="User with the wrong credentials should not be able" time="6.297">
    <system-out><![CDATA[
@bla
Scenario Outline: User as a volunteer should not be able to login with an incorrect password &amp#27;[90m# src/test/resources/features/login.feature:65&amp#27;[0m
  &amp#27;[32mGiven &amp#27;[0m&amp#27;[32muser on the login page&amp#27;[0m                                                               &amp#27;[90m# ru.drmteamdev.step_definition.LoginStepDef.user_on_the_login_page()&amp#27;[0m
  &amp#27;[32mWhen &amp#27;[0m&amp#27;[32muser as a volunteer enters confirmed email and invalid &amp#27;[0m&amp#27;[32m&amp#27;[1m"РґРѕР°С‹С‰С€РѕРІР°С‰"&amp#27;[0m                   &amp#27;[90m# ru.drmteamdev.step_definition.LoginStepDef.userAsAVolunteerEntersConfirmedEmailAndInvalid(java.lang.String)&amp#27;[0m
  &amp#27;[32mThen &amp#27;[0m&amp#27;[32muser should see warning sign Password not correct&amp#27;[0m                                     &amp#27;[90m# ru.drmteamdev.step_definition.LoginStepDef.userShouldSeeWarningSignPasswordNotCorrect()&amp#27;[0m
]]></system-out>
    <system-err><![CDATA[1698213579459	geckodriver	INFO	Listening on 127.0.0.1:17059
1698213579477	mozrunner::runner	INFO	Running command: "C:\\Program Files\\Mozilla Firefox\\firefox.exe" "--marionette" "--remote-debugging-port" "26798" "--remote ... /localhost:26798/,http://[::1]:26798/" "-no-remote" "-profile" "C:\\Users\\USER\\AppData\\Local\\Temp\\rust_mozprofilehOjF5V"
console.warn: services.settings: Ignoring preference override of remote settings server
console.warn: services.settings: Allow by setting MOZ_REMOTE_SETTINGS_DEVTOOLS=1 in the environment
1698213579910	Marionette	INFO	Marionette enabled
Dynamically enable window occlusion 0
1698213580002	Marionette	INFO	Listening on port 64762
WebDriver BiDi listening on ws://127.0.0.1:26798
Read port: 64762
1698213580224	RemoteAgent	WARN	TLS certificate errors will be ignored for this session
DevTools listening on ws://127.0.0.1:26798/devtools/browser/811c3106-0a9f-4d8b-b344-efcc510e34d2
console.warn: LoginRecipes: "Falling back to a synchronous message for: https://drmteamdev.ru."
1698213584625	RemoteAgent	INFO	Perform WebSocket upgrade for incoming connection from 127.0.0.1:64785
1698213584631	CDP	WARN	Invalid browser preferences for CDP. Set "fission.webContentIsolationStrategy"to 0 and "fission.bfcacheInParent" to false before Firefox starts.
1698213584635	Marionette	INFO	Stopped listening on port 64762
Dynamically enable window occlusion 1
]]></system-err>
  </testcase>
  <testcase name="User as a volunteer should not be able to login with an incorrect password #6" classname="User with the wrong credentials should not be able" time="6.627">
    <system-out><![CDATA[
@bla
Scenario Outline: User as a volunteer should not be able to login with an incorrect password &amp#27;[90m# src/test/resources/features/login.feature:66&amp#27;[0m
  &amp#27;[32mGiven &amp#27;[0m&amp#27;[32muser on the login page&amp#27;[0m                                                               &amp#27;[90m# ru.drmteamdev.step_definition.LoginStepDef.user_on_the_login_page()&amp#27;[0m
  &amp#27;[32mWhen &amp#27;[0m&amp#27;[32muser as a volunteer enters confirmed email and invalid &amp#27;[0m&amp#27;[32m&amp#27;[1m"123123"&amp#27;[0m                       &amp#27;[90m# ru.drmteamdev.step_definition.LoginStepDef.userAsAVolunteerEntersConfirmedEmailAndInvalid(java.lang.String)&amp#27;[0m
  &amp#27;[32mThen &amp#27;[0m&amp#27;[32muser should see warning sign Password not correct&amp#27;[0m                                     &amp#27;[90m# ru.drmteamdev.step_definition.LoginStepDef.userShouldSeeWarningSignPasswordNotCorrect()&amp#27;[0m
]]></system-out>
    <system-err><![CDATA[1698213585752	geckodriver	INFO	Listening on 127.0.0.1:33995
1698213585771	mozrunner::runner	INFO	Running command: "C:\\Program Files\\Mozilla Firefox\\firefox.exe" "--marionette" "--remote-debugging-port" "15275" "--remote ... /localhost:15275/,http://[::1]:15275/" "-no-remote" "-profile" "C:\\Users\\USER\\AppData\\Local\\Temp\\rust_mozprofileFgaise"
console.warn: services.settings: Ignoring preference override of remote settings server
console.warn: services.settings: Allow by setting MOZ_REMOTE_SETTINGS_DEVTOOLS=1 in the environment
1698213586202	Marionette	INFO	Marionette enabled
Dynamically enable window occlusion 0
1698213586295	Marionette	INFO	Listening on port 64791
WebDriver BiDi listening on ws://127.0.0.1:15275
Read port: 64791
1698213586543	RemoteAgent	WARN	TLS certificate errors will be ignored for this session
DevTools listening on ws://127.0.0.1:15275/devtools/browser/b445eadc-a647-438d-9692-d4e81d37e6c8
console.warn: LoginRecipes: "Falling back to a synchronous message for: https://drmteamdev.ru."
1698213591218	RemoteAgent	INFO	Perform WebSocket upgrade for incoming connection from 127.0.0.1:64815
1698213591222	CDP	WARN	Invalid browser preferences for CDP. Set "fission.webContentIsolationStrategy"to 0 and "fission.bfcacheInParent" to false before Firefox starts.
1698213591226	Marionette	INFO	Stopped listening on port 64791
Dynamically enable window occlusion 1
]]></system-err>
  </testcase>
  <testcase name="User as a volunteer should not be able to login with an incorrect password #7" classname="User with the wrong credentials should not be able" time="6.966">
    <system-out><![CDATA[
@bla
Scenario Outline: User as a volunteer should not be able to login with an incorrect password &amp#27;[90m# src/test/resources/features/login.feature:67&amp#27;[0m
  &amp#27;[32mGiven &amp#27;[0m&amp#27;[32muser on the login page&amp#27;[0m                                                               &amp#27;[90m# ru.drmteamdev.step_definition.LoginStepDef.user_on_the_login_page()&amp#27;[0m
  &amp#27;[32mWhen &amp#27;[0m&amp#27;[32muser as a volunteer enters confirmed email and invalid &amp#27;[0m&amp#27;[32m&amp#27;[1m"@#$%^&*()"&amp#27;[0m                    &amp#27;[90m# ru.drmteamdev.step_definition.LoginStepDef.userAsAVolunteerEntersConfirmedEmailAndInvalid(java.lang.String)&amp#27;[0m
  &amp#27;[32mThen &amp#27;[0m&amp#27;[32muser should see warning sign Password not correct&amp#27;[0m                                     &amp#27;[90m# ru.drmteamdev.step_definition.LoginStepDef.userShouldSeeWarningSignPasswordNotCorrect()&amp#27;[0m
]]></system-out>
    <system-err><![CDATA[1698213592384	geckodriver	INFO	Listening on 127.0.0.1:27776
1698213592941	mozrunner::runner	INFO	Running command: "C:\\Program Files\\Mozilla Firefox\\firefox.exe" "--marionette" "--remote-debugging-port" "14685" "--remote ... /localhost:14685/,http://[::1]:14685/" "-no-remote" "-profile" "C:\\Users\\USER\\AppData\\Local\\Temp\\rust_mozprofile5pYBTP"
console.warn: services.settings: Ignoring preference override of remote settings server
console.warn: services.settings: Allow by setting MOZ_REMOTE_SETTINGS_DEVTOOLS=1 in the environment
1698213593389	Marionette	INFO	Marionette enabled
Dynamically enable window occlusion 0
1698213593480	Marionette	INFO	Listening on port 64821
WebDriver BiDi listening on ws://127.0.0.1:14685
Read port: 64821
1698213593706	RemoteAgent	WARN	TLS certificate errors will be ignored for this session
DevTools listening on ws://127.0.0.1:14685/devtools/browser/5c8cdce2-cede-4832-a5c0-ec6c76b8f8ae
console.warn: LoginRecipes: "Falling back to a synchronous message for: https://drmteamdev.ru."
1698213598011	RemoteAgent	INFO	Perform WebSocket upgrade for incoming connection from 127.0.0.1:64844
1698213598015	CDP	WARN	Invalid browser preferences for CDP. Set "fission.webContentIsolationStrategy"to 0 and "fission.bfcacheInParent" to false before Firefox starts.
1698213598021	Marionette	INFO	Stopped listening on port 64821
Dynamically enable window occlusion 1
]]></system-err>
  </testcase>
  <testcase name="User as a volunteer should not be able to login with an incorrect password #8" classname="User with the wrong credentials should not be able" time="6.324">
    <system-out><![CDATA[
@bla
Scenario Outline: User as a volunteer should not be able to login with an incorrect password &amp#27;[90m# src/test/resources/features/login.feature:68&amp#27;[0m
  &amp#27;[32mGiven &amp#27;[0m&amp#27;[32muser on the login page&amp#27;[0m                                                               &amp#27;[90m# ru.drmteamdev.step_definition.LoginStepDef.user_on_the_login_page()&amp#27;[0m
  &amp#27;[32mWhen &amp#27;[0m&amp#27;[32muser as a volunteer enters confirmed email and invalid &amp#27;[0m&amp#27;[32m&amp#27;[1m""&amp#27;[0m                             &amp#27;[90m# ru.drmteamdev.step_definition.LoginStepDef.userAsAVolunteerEntersConfirmedEmailAndInvalid(java.lang.String)&amp#27;[0m
  &amp#27;[32mThen &amp#27;[0m&amp#27;[32muser should see warning sign Password not correct&amp#27;[0m                                     &amp#27;[90m# ru.drmteamdev.step_definition.LoginStepDef.userShouldSeeWarningSignPasswordNotCorrect()&amp#27;[0m
]]></system-out>
    <system-err><![CDATA[1698213599337	geckodriver	INFO	Listening on 127.0.0.1:10896
1698213599362	mozrunner::runner	INFO	Running command: "C:\\Program Files\\Mozilla Firefox\\firefox.exe" "--marionette" "--remote-debugging-port" "13008" "--remote ... /localhost:13008/,http://[::1]:13008/" "-no-remote" "-profile" "C:\\Users\\USER\\AppData\\Local\\Temp\\rust_mozprofile4N9kAG"
console.warn: services.settings: Ignoring preference override of remote settings server
console.warn: services.settings: Allow by setting MOZ_REMOTE_SETTINGS_DEVTOOLS=1 in the environment
1698213599791	Marionette	INFO	Marionette enabled
Dynamically enable window occlusion 0
1698213599880	Marionette	INFO	Listening on port 64850
WebDriver BiDi listening on ws://127.0.0.1:13008
Read port: 64850
1698213600108	RemoteAgent	WARN	TLS certificate errors will be ignored for this session
DevTools listening on ws://127.0.0.1:13008/devtools/browser/cc0e47d6-d945-4b25-920e-89df805af29e
console.warn: LoginRecipes: "Falling back to a synchronous message for: https://drmteamdev.ru."
1698213604582	RemoteAgent	INFO	Perform WebSocket upgrade for incoming connection from 127.0.0.1:64873
1698213604586	CDP	WARN	Invalid browser preferences for CDP. Set "fission.webContentIsolationStrategy"to 0 and "fission.bfcacheInParent" to false before Firefox starts.
1698213604587	Marionette	INFO	Stopped listening on port 64850
Dynamically enable window occlusion 1
]]></system-err>
  </testcase>
</testsuite>